Compiling C++ code...
Compilation successful.

Running TRACE Comparison (Standard DP vs Hirschberg)
  [Trace] Scaling standard_trace for N=100...
  [Trace] Scaling hirschberg_trace for N=100...
  [Trace] Scaling standard_trace for N=500...
  [Trace] Scaling hirschberg_trace for N=500...
  [Trace] Scaling standard_trace for N=1000...
  [Trace] Scaling hirschberg_trace for N=1000...
  [Trace] Scaling standard_trace for N=2000...
  [Trace] Scaling hirschberg_trace for N=2000...
  [Trace] Scaling standard_trace for N=5000...
  [Trace] Scaling hirschberg_trace for N=5000...
  [Trace] Scaling standard_trace for N=10000...
  [Trace] Scaling hirschberg_trace for N=10000...
  [Trace] Scaling standard_trace for N=20000...
  [Trace] Scaling hirschberg_trace for N=20000...

Running DISTANCE Comparison (Optimized DP vs Hirschberg)
  [Distance] Scaling optimized_distance for N=100...
  [Distance] Scaling hirschberg_distance for N=100...
  [Distance] Scaling optimized_distance for N=500...
  [Distance] Scaling hirschberg_distance for N=500...
  [Distance] Scaling optimized_distance for N=1000...
  [Distance] Scaling hirschberg_distance for N=1000...
  [Distance] Scaling optimized_distance for N=2000...
  [Distance] Scaling hirschberg_distance for N=2000...
  [Distance] Scaling optimized_distance for N=5000...
  [Distance] Scaling hirschberg_distance for N=5000...
  [Distance] Scaling optimized_distance for N=10000...
  [Distance] Scaling hirschberg_distance for N=10000...
  [Distance] Scaling optimized_distance for N=20000...
  [Distance] Scaling hirschberg_distance for N=20000...
  [Distance] Scaling optimized_distance for N=40000...
  [Distance] Scaling hirschberg_distance for N=40000...
  [Distance] Scaling optimized_distance for N=80000...
  [Distance] Scaling hirschberg_distance for N=80000...
  [Distance] Scaling optimized_distance for N=160000...
  [Distance] Scaling hirschberg_distance for N=160000...

Running Pivot Comparison (Hirschberg Trace vs Optimized Distance)
  [Pivot] Scaling hirschberg_distance for pivot 0 for N=100...
  [Pivot] Scaling hirschberg_distance for pivot 1 for N=100...
  [Pivot] Scaling hirschberg_distance for pivot 0 for N=500...
  [Pivot] Scaling hirschberg_distance for pivot 1 for N=500...
  [Pivot] Scaling hirschberg_distance for pivot 0 for N=1000...
  [Pivot] Scaling hirschberg_distance for pivot 1 for N=1000...
  [Pivot] Scaling hirschberg_distance for pivot 0 for N=2000...
  [Pivot] Scaling hirschberg_distance for pivot 1 for N=2000...
  [Pivot] Scaling hirschberg_distance for pivot 0 for N=5000...
  [Pivot] Scaling hirschberg_distance for pivot 1 for N=5000...
  [Pivot] Scaling hirschberg_distance for pivot 0 for N=10000...
  [Pivot] Scaling hirschberg_distance for pivot 1 for N=10000...
  [Pivot] Scaling hirschberg_distance for pivot 0 for N=20000...
  [Pivot] Scaling hirschberg_distance for pivot 1 for N=20000...
  [Pivot] Scaling hirschberg_distance for pivot 0 for N=40000...
  [Pivot] Scaling hirschberg_distance for pivot 1 for N=40000...
  [Pivot] Scaling hirschberg_distance for pivot 0 for N=80000...
  [Pivot] Scaling hirschberg_distance for pivot 1 for N=80000...
  [Pivot] Scaling hirschberg_distance for pivot 0 for N=160000...
  [Pivot] Scaling hirschberg_distance for pivot 1 for N=160000...

Running Pivot Comparison (Hirschberg Trace vs Optimized Distance)
  [Pivot] Scaling hirschberg_trace for pivot 0 for N=100...
  [Pivot] Scaling hirschberg_trace for pivot 1 for N=100...
  [Pivot] Scaling hirschberg_trace for pivot 0 for N=500...
  [Pivot] Scaling hirschberg_trace for pivot 1 for N=500...
  [Pivot] Scaling hirschberg_trace for pivot 0 for N=1000...
  [Pivot] Scaling hirschberg_trace for pivot 1 for N=1000...
  [Pivot] Scaling hirschberg_trace for pivot 0 for N=2000...
  [Pivot] Scaling hirschberg_trace for pivot 1 for N=2000...
  [Pivot] Scaling hirschberg_trace for pivot 0 for N=5000...
  [Pivot] Scaling hirschberg_trace for pivot 1 for N=5000...
  [Pivot] Scaling hirschberg_trace for pivot 0 for N=10000...
  [Pivot] Scaling hirschberg_trace for pivot 1 for N=10000...
  [Pivot] Scaling hirschberg_trace for pivot 0 for N=20000...
  [Pivot] Scaling hirschberg_trace for pivot 1 for N=20000...
  [Pivot] Scaling hirschberg_trace for pivot 0 for N=40000...
  [Pivot] Scaling hirschberg_trace for pivot 1 for N=40000...
  [Pivot] Scaling hirschberg_trace for pivot 0 for N=80000...
  [Pivot] Scaling hirschberg_trace for pivot 1 for N=80000...
  [Pivot] Scaling hirschberg_trace for pivot 0 for N=160000...
  [Pivot] Scaling hirschberg_trace for pivot 1 for N=160000...

Generating plots...
Plots saved in results/ directory.
All experiments completed successfully!
